12/21/2022 07:36:10 PM nhl_goal_alert INFO: STARTING with Team ID: 19, Webhook ID: press_nhl_goal_button
12/21/2022 07:36:15 PM nhl_goal_alert INFO: Game info is not yet available from the NHL API.
12/21/2022 08:19:54 PM nhl_goal_alert INFO: STARTING with Team ID: 19, Webhook ID: press_nhl_goal_button
12/21/2022 08:19:59 PM nhl_goal_alert INFO: Game info is not yet available from the NHL API.
12/22/2022 11:24:30 PM nhl_goal_alert INFO: STARTING with Team ID: 19, Webhook ID: press_nhl_goal_button
12/22/2022 11:24:35 PM nhl_goal_alert INFO: Game info is not yet available from the NHL API.  Exiting.
12/23/2022 02:53:02 PM nhl_goal_alert INFO: STARTING with Team ID: 19, Webhook ID: press_nhl_goal_button
12/23/2022 02:53:07 PM nhl_goal_alert INFO: Scheduled.
12/23/2022 02:53:52 PM nhl_goal_alert INFO: Scheduled.
12/23/2022 02:54:37 PM nhl_goal_alert INFO: Scheduled.
12/23/2022 02:55:23 PM nhl_goal_alert INFO: Scheduled.
12/23/2022 02:56:08 PM nhl_goal_alert INFO: Scheduled.
12/23/2022 02:56:53 PM nhl_goal_alert INFO: Scheduled.
12/23/2022 02:57:38 PM nhl_goal_alert INFO: Scheduled.
12/23/2022 02:58:24 PM nhl_goal_alert INFO: Scheduled.
12/23/2022 02:59:09 PM nhl_goal_alert INFO: Scheduled.
12/23/2022 02:59:54 PM nhl_goal_alert INFO: Scheduled.
12/23/2022 03:00:39 PM nhl_goal_alert INFO: Scheduled.
12/23/2022 03:01:24 PM nhl_goal_alert INFO: Scheduled.
12/23/2022 03:02:10 PM nhl_goal_alert INFO: Scheduled.
12/23/2022 03:02:55 PM nhl_goal_alert INFO: Scheduled.
12/23/2022 03:03:40 PM nhl_goal_alert INFO: Scheduled.
12/23/2022 03:04:25 PM nhl_goal_alert INFO: Scheduled.
12/23/2022 03:05:10 PM nhl_goal_alert INFO: Scheduled.
12/23/2022 03:05:56 PM nhl_goal_alert INFO: Scheduled.
12/23/2022 03:06:41 PM nhl_goal_alert INFO: Scheduled.
12/23/2022 03:07:26 PM nhl_goal_alert INFO: Scheduled.
12/23/2022 03:08:11 PM nhl_goal_alert INFO: Scheduled.
12/23/2022 03:08:57 PM nhl_goal_alert INFO: Scheduled.
12/23/2022 03:09:42 PM nhl_goal_alert INFO: Scheduled.
12/23/2022 03:10:27 PM nhl_goal_alert INFO: Scheduled.
12/23/2022 03:11:12 PM nhl_goal_alert INFO: Scheduled.
12/23/2022 03:11:57 PM nhl_goal_alert INFO: Scheduled.
12/23/2022 03:12:43 PM nhl_goal_alert INFO: Scheduled.
12/23/2022 03:13:28 PM nhl_goal_alert INFO: Scheduled.
12/23/2022 03:14:13 PM nhl_goal_alert INFO: Scheduled.
12/23/2022 03:14:58 PM nhl_goal_alert INFO: Scheduled.
12/23/2022 03:15:44 PM nhl_goal_alert INFO: Scheduled.
12/23/2022 03:16:29 PM nhl_goal_alert INFO: Scheduled.
12/23/2022 03:17:14 PM nhl_goal_alert INFO: Scheduled.
12/23/2022 03:17:59 PM nhl_goal_alert INFO: Scheduled.
12/23/2022 03:18:44 PM nhl_goal_alert INFO: Scheduled.
12/23/2022 03:19:30 PM nhl_goal_alert INFO: Scheduled.
12/23/2022 03:20:15 PM nhl_goal_alert INFO: Scheduled.
12/23/2022 03:21:00 PM nhl_goal_alert INFO: Scheduled.
12/23/2022 03:21:45 PM nhl_goal_alert INFO: Scheduled.
12/23/2022 03:22:31 PM nhl_goal_alert INFO: Scheduled.
12/23/2022 03:23:16 PM nhl_goal_alert INFO: Scheduled.
12/23/2022 03:24:01 PM nhl_goal_alert INFO: Scheduled.
12/23/2022 03:24:46 PM nhl_goal_alert INFO: Scheduled.
12/23/2022 03:25:31 PM nhl_goal_alert INFO: Scheduled.
12/23/2022 03:26:17 PM nhl_goal_alert INFO: Scheduled.
12/23/2022 03:27:02 PM nhl_goal_alert INFO: Scheduled.
12/23/2022 03:27:47 PM nhl_goal_alert INFO: Scheduled.
12/23/2022 03:28:32 PM nhl_goal_alert INFO: Scheduled.
12/23/2022 03:29:18 PM nhl_goal_alert INFO: Scheduled.
12/23/2022 03:30:03 PM nhl_goal_alert INFO: Scheduled.
12/23/2022 03:30:48 PM nhl_goal_alert INFO: Scheduled.
12/23/2022 03:31:33 PM nhl_goal_alert INFO: Scheduled.
12/23/2022 03:32:18 PM nhl_goal_alert INFO: Scheduled.
12/23/2022 03:33:04 PM nhl_goal_alert INFO: Scheduled.
12/23/2022 03:33:49 PM nhl_goal_alert INFO: Scheduled.
12/23/2022 03:34:34 PM nhl_goal_alert INFO: Scheduled.
12/23/2022 03:35:19 PM nhl_goal_alert INFO: Scheduled.
12/23/2022 03:36:05 PM nhl_goal_alert INFO: Scheduled.
12/23/2022 03:36:50 PM nhl_goal_alert INFO: Scheduled.
12/23/2022 03:37:35 PM nhl_goal_alert INFO: Scheduled.
12/23/2022 03:38:20 PM nhl_goal_alert INFO: Scheduled.
12/23/2022 03:39:05 PM nhl_goal_alert INFO: Scheduled.
12/23/2022 03:39:51 PM nhl_goal_alert INFO: Scheduled.
12/23/2022 03:40:36 PM nhl_goal_alert INFO: Scheduled.
12/23/2022 03:41:21 PM nhl_goal_alert INFO: Scheduled.
12/23/2022 03:42:06 PM nhl_goal_alert INFO: Scheduled.
12/23/2022 03:42:52 PM nhl_goal_alert INFO: Scheduled.
12/23/2022 03:43:37 PM nhl_goal_alert INFO: Scheduled.
12/23/2022 03:44:22 PM nhl_goal_alert INFO: Scheduled.
12/23/2022 03:45:07 PM nhl_goal_alert INFO: Scheduled.
12/23/2022 03:45:53 PM nhl_goal_alert INFO: Scheduled.
12/23/2022 03:46:38 PM nhl_goal_alert INFO: Scheduled.
12/23/2022 03:47:23 PM nhl_goal_alert INFO: Scheduled.
12/23/2022 03:48:08 PM nhl_goal_alert INFO: Scheduled.
12/23/2022 03:48:53 PM nhl_goal_alert INFO: Scheduled.
12/23/2022 03:49:39 PM nhl_goal_alert INFO: Scheduled.
12/23/2022 03:50:24 PM nhl_goal_alert INFO: Scheduled.
12/23/2022 03:51:09 PM nhl_goal_alert INFO: Scheduled.
12/23/2022 03:51:54 PM nhl_goal_alert INFO: Scheduled.
12/23/2022 03:52:39 PM nhl_goal_alert INFO: Scheduled.
12/23/2022 03:53:25 PM nhl_goal_alert INFO: Scheduled.
12/23/2022 03:54:10 PM nhl_goal_alert INFO: Scheduled.
12/23/2022 03:54:55 PM nhl_goal_alert INFO: Scheduled.
12/23/2022 03:55:40 PM nhl_goal_alert INFO: Scheduled.
12/23/2022 03:56:26 PM nhl_goal_alert INFO: Scheduled.
12/23/2022 03:57:11 PM nhl_goal_alert INFO: Scheduled.
12/23/2022 03:57:56 PM nhl_goal_alert INFO: Scheduled.
12/23/2022 03:58:41 PM nhl_goal_alert INFO: Scheduled.
12/23/2022 03:59:26 PM nhl_goal_alert INFO: Scheduled.
12/23/2022 04:00:12 PM nhl_goal_alert INFO: Scheduled.
12/23/2022 04:00:57 PM nhl_goal_alert INFO: Scheduled.
12/23/2022 04:01:42 PM nhl_goal_alert INFO: Scheduled.
12/23/2022 04:02:27 PM nhl_goal_alert INFO: Scheduled.
12/23/2022 04:03:13 PM nhl_goal_alert INFO: Scheduled.
12/23/2022 04:03:58 PM nhl_goal_alert INFO: Scheduled.
12/23/2022 04:04:43 PM nhl_goal_alert INFO: Scheduled.
12/23/2022 04:05:28 PM nhl_goal_alert INFO: Scheduled.
12/23/2022 04:06:13 PM nhl_goal_alert INFO: Scheduled.
12/23/2022 04:06:59 PM nhl_goal_alert INFO: Scheduled.
12/23/2022 04:07:44 PM nhl_goal_alert INFO: Scheduled.
12/23/2022 04:08:29 PM nhl_goal_alert INFO: Scheduled.
12/23/2022 04:09:14 PM nhl_goal_alert INFO: Scheduled.
12/23/2022 04:09:59 PM nhl_goal_alert INFO: Scheduled.
12/23/2022 04:10:45 PM nhl_goal_alert INFO: Scheduled.
12/23/2022 04:11:30 PM nhl_goal_alert INFO: Scheduled.
12/23/2022 04:12:15 PM nhl_goal_alert INFO: Scheduled.
12/23/2022 04:13:00 PM nhl_goal_alert INFO: Scheduled.
12/23/2022 04:13:46 PM nhl_goal_alert INFO: Scheduled.
12/23/2022 04:14:31 PM nhl_goal_alert INFO: Scheduled.
12/23/2022 04:15:16 PM nhl_goal_alert INFO: Scheduled.
12/23/2022 04:16:01 PM nhl_goal_alert INFO: Scheduled.
12/23/2022 04:16:47 PM nhl_goal_alert INFO: Scheduled.
12/23/2022 04:17:32 PM nhl_goal_alert INFO: Scheduled.
12/23/2022 04:18:17 PM nhl_goal_alert INFO: Scheduled.
12/23/2022 04:19:02 PM nhl_goal_alert INFO: Scheduled.
12/23/2022 04:19:47 PM nhl_goal_alert INFO: Scheduled.
12/23/2022 04:20:33 PM nhl_goal_alert INFO: Scheduled.
12/23/2022 04:21:18 PM nhl_goal_alert INFO: Scheduled.
12/23/2022 04:22:03 PM nhl_goal_alert INFO: Scheduled.
12/23/2022 04:22:48 PM nhl_goal_alert INFO: Scheduled.
12/23/2022 04:23:34 PM nhl_goal_alert INFO: Scheduled.
12/23/2022 04:24:19 PM nhl_goal_alert INFO: Scheduled.
12/23/2022 04:25:04 PM nhl_goal_alert INFO: Scheduled.
12/23/2022 04:25:49 PM nhl_goal_alert INFO: Scheduled.
12/23/2022 04:26:35 PM nhl_goal_alert INFO: Scheduled.
12/23/2022 04:27:20 PM nhl_goal_alert INFO: Scheduled.
12/23/2022 04:28:05 PM nhl_goal_alert INFO: Scheduled.
12/23/2022 04:28:50 PM nhl_goal_alert INFO: Scheduled.
12/23/2022 04:29:36 PM nhl_goal_alert INFO: Scheduled.
12/23/2022 04:30:21 PM nhl_goal_alert INFO: Scheduled.
12/23/2022 04:31:06 PM nhl_goal_alert INFO: Scheduled.
12/23/2022 04:31:51 PM nhl_goal_alert INFO: Scheduled.
12/23/2022 04:32:36 PM nhl_goal_alert INFO: Scheduled.
12/23/2022 04:33:22 PM nhl_goal_alert INFO: Scheduled.
12/23/2022 04:34:07 PM nhl_goal_alert INFO: Scheduled.
12/23/2022 04:34:52 PM nhl_goal_alert INFO: Scheduled.
12/23/2022 04:35:37 PM nhl_goal_alert INFO: Scheduled.
12/23/2022 04:36:23 PM nhl_goal_alert INFO: Scheduled.
12/23/2022 04:37:08 PM nhl_goal_alert INFO: Scheduled.
12/23/2022 04:37:53 PM nhl_goal_alert INFO: Scheduled.
12/23/2022 04:38:38 PM nhl_goal_alert INFO: Scheduled.
12/23/2022 04:39:23 PM nhl_goal_alert INFO: Scheduled.
12/23/2022 04:40:09 PM nhl_goal_alert INFO: Scheduled.
12/23/2022 04:40:54 PM nhl_goal_alert INFO: Scheduled.
12/23/2022 04:41:39 PM nhl_goal_alert INFO: Scheduled.
12/23/2022 04:42:24 PM nhl_goal_alert INFO: Scheduled.
12/23/2022 04:43:10 PM nhl_goal_alert INFO: Scheduled.
12/23/2022 04:43:55 PM nhl_goal_alert INFO: Scheduled.
12/23/2022 04:44:40 PM nhl_goal_alert INFO: Scheduled.
12/23/2022 04:45:25 PM nhl_goal_alert INFO: Scheduled.
12/23/2022 04:46:10 PM nhl_goal_alert INFO: Scheduled.
12/23/2022 04:46:56 PM nhl_goal_alert INFO: Scheduled.
12/23/2022 04:47:41 PM nhl_goal_alert INFO: Scheduled.
12/23/2022 04:48:26 PM nhl_goal_alert INFO: Scheduled.
12/23/2022 04:49:11 PM nhl_goal_alert INFO: Scheduled.
12/23/2022 04:49:57 PM nhl_goal_alert INFO: Scheduled.
12/23/2022 04:50:42 PM nhl_goal_alert INFO: Scheduled.
12/23/2022 04:51:27 PM nhl_goal_alert INFO: Scheduled.
12/23/2022 04:52:12 PM nhl_goal_alert INFO: Scheduled.
12/23/2022 04:52:57 PM nhl_goal_alert INFO: Scheduled.
12/23/2022 04:53:43 PM nhl_goal_alert INFO: Scheduled.
12/23/2022 04:54:28 PM nhl_goal_alert INFO: Scheduled.
12/23/2022 04:55:13 PM nhl_goal_alert INFO: Scheduled.
12/23/2022 04:55:58 PM nhl_goal_alert INFO: Scheduled.
12/23/2022 04:56:44 PM nhl_goal_alert INFO: Scheduled.
12/23/2022 04:57:29 PM nhl_goal_alert INFO: Scheduled.
12/23/2022 04:58:14 PM nhl_goal_alert INFO: Scheduled.
12/23/2022 04:58:59 PM nhl_goal_alert INFO: Scheduled.
12/23/2022 04:59:44 PM nhl_goal_alert INFO: Scheduled.
12/23/2022 05:00:30 PM nhl_goal_alert INFO: Scheduled.
12/23/2022 05:01:15 PM nhl_goal_alert INFO: Scheduled.
12/23/2022 05:02:00 PM nhl_goal_alert INFO: Scheduled.
12/23/2022 05:02:45 PM nhl_goal_alert INFO: Scheduled.
12/23/2022 05:03:30 PM nhl_goal_alert INFO: Scheduled.
12/23/2022 05:04:16 PM nhl_goal_alert INFO: Scheduled.
12/23/2022 05:05:01 PM nhl_goal_alert INFO: Scheduled.
12/23/2022 05:05:46 PM nhl_goal_alert INFO: Scheduled.
12/23/2022 05:06:31 PM nhl_goal_alert INFO: Scheduled.
12/23/2022 05:07:17 PM nhl_goal_alert INFO: Scheduled.
12/23/2022 05:08:09 PM nhl_goal_alert ERROR: API call threw an exception.
12/23/2022 05:08:09 PM nhl_goal_alert INFO: Scheduled.
12/23/2022 05:08:54 PM nhl_goal_alert INFO: Scheduled.
12/23/2022 05:09:39 PM nhl_goal_alert INFO: Scheduled.
12/23/2022 05:10:24 PM nhl_goal_alert INFO: Scheduled.
12/23/2022 05:11:10 PM nhl_goal_alert INFO: Scheduled.
12/23/2022 05:11:55 PM nhl_goal_alert INFO: Scheduled.
12/23/2022 05:12:40 PM nhl_goal_alert INFO: Scheduled.
12/23/2022 05:13:25 PM nhl_goal_alert INFO: Scheduled.
12/23/2022 05:14:11 PM nhl_goal_alert INFO: Scheduled.
12/23/2022 05:14:56 PM nhl_goal_alert INFO: Scheduled.
12/23/2022 05:15:41 PM nhl_goal_alert INFO: Scheduled.
12/23/2022 05:16:26 PM nhl_goal_alert INFO: Scheduled.
12/23/2022 05:17:12 PM nhl_goal_alert INFO: Scheduled.
12/23/2022 05:17:57 PM nhl_goal_alert INFO: Scheduled.
12/23/2022 05:18:42 PM nhl_goal_alert INFO: Scheduled.
12/23/2022 05:19:27 PM nhl_goal_alert INFO: Scheduled.
12/23/2022 05:20:13 PM nhl_goal_alert INFO: Scheduled.
12/23/2022 05:20:58 PM nhl_goal_alert INFO: Scheduled.
12/23/2022 05:21:43 PM nhl_goal_alert INFO: Scheduled.
12/23/2022 05:22:28 PM nhl_goal_alert INFO: Scheduled.
12/23/2022 05:23:13 PM nhl_goal_alert INFO: Scheduled.
12/23/2022 05:23:59 PM nhl_goal_alert INFO: Scheduled.
12/23/2022 05:24:44 PM nhl_goal_alert INFO: Scheduled.
12/23/2022 05:25:29 PM nhl_goal_alert INFO: Scheduled.
12/23/2022 05:26:15 PM nhl_goal_alert INFO: Scheduled.
12/23/2022 05:27:00 PM nhl_goal_alert INFO: Scheduled.
12/23/2022 05:27:46 PM nhl_goal_alert INFO: Scheduled.
12/23/2022 05:28:31 PM nhl_goal_alert INFO: Scheduled.
12/23/2022 05:29:16 PM nhl_goal_alert INFO: Scheduled.
12/23/2022 05:30:01 PM nhl_goal_alert INFO: Scheduled.
12/23/2022 05:30:47 PM nhl_goal_alert INFO: Scheduled.
12/23/2022 05:31:32 PM nhl_goal_alert INFO: Scheduled.
12/23/2022 05:32:17 PM nhl_goal_alert INFO: Scheduled.
12/23/2022 05:33:02 PM nhl_goal_alert INFO: Scheduled.
12/23/2022 05:33:48 PM nhl_goal_alert INFO: Scheduled.
12/23/2022 05:34:33 PM nhl_goal_alert INFO: Scheduled.
12/23/2022 05:35:18 PM nhl_goal_alert INFO: Scheduled.
12/23/2022 05:36:03 PM nhl_goal_alert INFO: Scheduled.
12/23/2022 05:36:48 PM nhl_goal_alert INFO: Scheduled.
12/23/2022 05:37:34 PM nhl_goal_alert INFO: Scheduled.
12/23/2022 05:38:19 PM nhl_goal_alert INFO: Scheduled.
12/23/2022 05:39:04 PM nhl_goal_alert INFO: Scheduled.
12/23/2022 05:39:49 PM nhl_goal_alert INFO: Scheduled.
12/23/2022 05:40:35 PM nhl_goal_alert INFO: Scheduled.
12/23/2022 05:41:20 PM nhl_goal_alert INFO: Scheduled.
12/23/2022 05:42:05 PM nhl_goal_alert INFO: Scheduled.
12/23/2022 05:42:50 PM nhl_goal_alert INFO: Scheduled.
12/23/2022 05:43:35 PM nhl_goal_alert INFO: Scheduled.
12/23/2022 05:44:21 PM nhl_goal_alert INFO: Scheduled.
12/23/2022 05:45:06 PM nhl_goal_alert INFO: Scheduled.
12/23/2022 05:45:51 PM nhl_goal_alert INFO: Scheduled.
12/23/2022 05:46:36 PM nhl_goal_alert INFO: Scheduled.
12/23/2022 05:47:22 PM nhl_goal_alert INFO: Scheduled.
12/23/2022 05:48:07 PM nhl_goal_alert INFO: Scheduled.
12/23/2022 05:48:52 PM nhl_goal_alert INFO: Scheduled.
12/23/2022 05:49:37 PM nhl_goal_alert INFO: Scheduled.
12/23/2022 05:50:23 PM nhl_goal_alert INFO: Scheduled.
12/23/2022 05:51:08 PM nhl_goal_alert INFO: Scheduled.
12/23/2022 05:51:53 PM nhl_goal_alert INFO: Scheduled.
12/23/2022 05:52:38 PM nhl_goal_alert INFO: Scheduled.
12/23/2022 05:53:24 PM nhl_goal_alert INFO: Scheduled.
12/23/2022 05:54:09 PM nhl_goal_alert INFO: Scheduled.
12/23/2022 05:54:54 PM nhl_goal_alert INFO: Scheduled.
12/23/2022 05:55:39 PM nhl_goal_alert INFO: Scheduled.
12/23/2022 05:56:24 PM nhl_goal_alert INFO: Scheduled.
12/23/2022 05:57:10 PM nhl_goal_alert INFO: Scheduled.
12/23/2022 05:57:55 PM nhl_goal_alert INFO: Scheduled.
12/23/2022 05:58:40 PM nhl_goal_alert INFO: Scheduled.
12/23/2022 05:59:25 PM nhl_goal_alert INFO: Scheduled.
12/23/2022 06:00:11 PM nhl_goal_alert INFO: Scheduled.
12/23/2022 06:00:56 PM nhl_goal_alert INFO: Scheduled.
12/23/2022 06:01:41 PM nhl_goal_alert INFO: Scheduled.
12/23/2022 06:02:26 PM nhl_goal_alert INFO: Scheduled.
12/23/2022 06:03:11 PM nhl_goal_alert INFO: Scheduled.
12/23/2022 06:03:57 PM nhl_goal_alert INFO: Scheduled.
12/23/2022 06:04:42 PM nhl_goal_alert INFO: Scheduled.
12/23/2022 06:05:27 PM nhl_goal_alert INFO: Scheduled.
12/23/2022 06:06:12 PM nhl_goal_alert INFO: Scheduled.
12/23/2022 06:06:58 PM nhl_goal_alert INFO: Scheduled.
12/23/2022 06:07:43 PM nhl_goal_alert INFO: Scheduled.
12/23/2022 06:08:28 PM nhl_goal_alert INFO: Scheduled.
12/23/2022 06:09:13 PM nhl_goal_alert INFO: Scheduled.
12/23/2022 06:09:58 PM nhl_goal_alert INFO: Scheduled.
12/23/2022 06:10:44 PM nhl_goal_alert INFO: Scheduled.
12/23/2022 06:11:29 PM nhl_goal_alert INFO: Scheduled.
12/23/2022 06:12:14 PM nhl_goal_alert INFO: Scheduled.
12/23/2022 06:12:59 PM nhl_goal_alert INFO: Scheduled.
12/23/2022 06:13:45 PM nhl_goal_alert INFO: Scheduled.
12/23/2022 06:14:30 PM nhl_goal_alert INFO: Scheduled.
12/23/2022 06:15:15 PM nhl_goal_alert INFO: Scheduled.
12/23/2022 06:16:00 PM nhl_goal_alert INFO: Scheduled.
12/23/2022 06:16:45 PM nhl_goal_alert INFO: Scheduled.
12/23/2022 06:17:31 PM nhl_goal_alert INFO: Scheduled.
12/23/2022 06:18:16 PM nhl_goal_alert INFO: Scheduled.
12/23/2022 06:19:01 PM nhl_goal_alert INFO: Scheduled.
12/23/2022 06:19:46 PM nhl_goal_alert INFO: Scheduled.
12/23/2022 06:20:31 PM nhl_goal_alert INFO: Scheduled.
12/23/2022 06:21:17 PM nhl_goal_alert INFO: Scheduled.
12/23/2022 06:22:02 PM nhl_goal_alert INFO: Scheduled.
12/23/2022 06:22:47 PM nhl_goal_alert INFO: Scheduled.
12/23/2022 06:23:32 PM nhl_goal_alert INFO: Scheduled.
12/23/2022 06:24:18 PM nhl_goal_alert INFO: Scheduled.
12/23/2022 06:25:03 PM nhl_goal_alert INFO: Scheduled.
12/23/2022 06:25:48 PM nhl_goal_alert INFO: Scheduled.
12/23/2022 06:26:33 PM nhl_goal_alert INFO: Scheduled.
12/23/2022 06:27:18 PM nhl_goal_alert INFO: Scheduled.
12/23/2022 06:28:04 PM nhl_goal_alert INFO: Scheduled.
12/23/2022 06:28:49 PM nhl_goal_alert INFO: Scheduled.
12/23/2022 06:29:34 PM nhl_goal_alert INFO: Scheduled.
12/23/2022 06:30:19 PM nhl_goal_alert INFO: Scheduled.
12/23/2022 06:31:04 PM nhl_goal_alert INFO: Scheduled.
12/23/2022 06:31:50 PM nhl_goal_alert INFO: Scheduled.
12/23/2022 06:32:35 PM nhl_goal_alert INFO: Scheduled.
12/23/2022 06:33:20 PM nhl_goal_alert INFO: Scheduled.
12/23/2022 06:34:05 PM nhl_goal_alert INFO: Scheduled.
12/23/2022 06:34:51 PM nhl_goal_alert INFO: Scheduled.
12/23/2022 06:35:36 PM nhl_goal_alert INFO: Scheduled.
12/23/2022 06:36:21 PM nhl_goal_alert INFO: Scheduled.
12/23/2022 06:37:06 PM nhl_goal_alert INFO: Scheduled.
12/23/2022 06:37:51 PM nhl_goal_alert INFO: Scheduled.
12/23/2022 06:38:37 PM nhl_goal_alert INFO: Scheduled.
12/23/2022 06:39:22 PM nhl_goal_alert INFO: Scheduled.
12/23/2022 06:40:07 PM nhl_goal_alert INFO: Scheduled.
12/23/2022 06:40:52 PM nhl_goal_alert INFO: Scheduled.
12/23/2022 06:41:38 PM nhl_goal_alert INFO: Scheduled.
12/23/2022 06:42:23 PM nhl_goal_alert INFO: Scheduled.
12/23/2022 06:43:08 PM nhl_goal_alert INFO: Scheduled.
12/23/2022 06:43:53 PM nhl_goal_alert INFO: Scheduled.
12/23/2022 06:44:39 PM nhl_goal_alert INFO: Scheduled.
12/23/2022 06:45:24 PM nhl_goal_alert INFO: Scheduled.
12/23/2022 06:46:09 PM nhl_goal_alert INFO: Scheduled.
12/23/2022 06:46:54 PM nhl_goal_alert INFO: Scheduled.
12/23/2022 06:47:40 PM nhl_goal_alert INFO: Scheduled.
12/23/2022 06:48:25 PM nhl_goal_alert INFO: Scheduled.
12/23/2022 06:49:10 PM nhl_goal_alert INFO: Scheduled.
12/23/2022 06:49:55 PM nhl_goal_alert INFO: Scheduled.
12/23/2022 06:50:40 PM nhl_goal_alert INFO: Scheduled.
12/23/2022 06:51:26 PM nhl_goal_alert INFO: Scheduled.
12/23/2022 06:52:11 PM nhl_goal_alert INFO: Scheduled.
12/23/2022 06:52:56 PM nhl_goal_alert INFO: Scheduled.
12/23/2022 06:53:41 PM nhl_goal_alert INFO: Scheduled.
12/23/2022 06:54:27 PM nhl_goal_alert INFO: Scheduled.
12/23/2022 06:55:12 PM nhl_goal_alert INFO: Scheduled.
12/23/2022 06:55:57 PM nhl_goal_alert INFO: Scheduled.
12/23/2022 06:56:42 PM nhl_goal_alert INFO: Scheduled.
12/23/2022 06:57:27 PM nhl_goal_alert INFO: Scheduled.
12/23/2022 06:58:13 PM nhl_goal_alert INFO: Scheduled.
12/23/2022 06:58:58 PM nhl_goal_alert INFO: Scheduled.
12/23/2022 06:59:43 PM nhl_goal_alert INFO: Scheduled.
12/23/2022 07:00:28 PM nhl_goal_alert INFO: Scheduled.
12/23/2022 07:01:14 PM nhl_goal_alert INFO: Scheduled.
12/23/2022 07:01:59 PM nhl_goal_alert INFO: Scheduled.
12/23/2022 07:02:44 PM nhl_goal_alert INFO: Scheduled.
12/23/2022 07:03:29 PM nhl_goal_alert INFO: Scheduled.
12/23/2022 07:04:14 PM nhl_goal_alert INFO: Scheduled.
12/23/2022 07:05:00 PM nhl_goal_alert INFO: Scheduled.
12/23/2022 07:05:45 PM nhl_goal_alert INFO: Scheduled.
12/23/2022 07:06:30 PM nhl_goal_alert INFO: Scheduled.
12/23/2022 07:07:15 PM nhl_goal_alert INFO: Scheduled.
12/23/2022 07:08:01 PM nhl_goal_alert INFO: Scheduled.
12/23/2022 07:08:46 PM nhl_goal_alert INFO: Scheduled.
12/23/2022 07:09:31 PM nhl_goal_alert INFO: Scheduled.
12/23/2022 07:10:16 PM nhl_goal_alert INFO: Scheduled.
12/23/2022 07:11:01 PM nhl_goal_alert INFO: Scheduled.
12/23/2022 07:11:47 PM nhl_goal_alert INFO: Scheduled.
12/23/2022 07:12:32 PM nhl_goal_alert INFO: Scheduled.
12/23/2022 07:13:17 PM nhl_goal_alert INFO: Scheduled.
12/23/2022 07:14:02 PM nhl_goal_alert INFO: Scheduled.
12/23/2022 07:14:48 PM nhl_goal_alert INFO: Scheduled.
12/23/2022 07:15:33 PM nhl_goal_alert INFO: Scheduled.
12/23/2022 07:16:18 PM nhl_goal_alert INFO: Scheduled.
12/23/2022 07:17:03 PM nhl_goal_alert INFO: Scheduled.
12/23/2022 07:17:48 PM nhl_goal_alert INFO: Scheduled.
12/23/2022 07:18:34 PM nhl_goal_alert INFO: Scheduled.
12/23/2022 07:19:19 PM nhl_goal_alert INFO: Scheduled.
12/23/2022 07:20:04 PM nhl_goal_alert INFO: Scheduled.
12/23/2022 07:20:49 PM nhl_goal_alert INFO: Scheduled.
12/23/2022 07:21:35 PM nhl_goal_alert INFO: Scheduled.
12/23/2022 07:22:20 PM nhl_goal_alert INFO: Scheduled.
12/23/2022 07:23:05 PM nhl_goal_alert INFO: Scheduled.
12/23/2022 07:23:50 PM nhl_goal_alert INFO: Scheduled.
12/23/2022 07:24:36 PM nhl_goal_alert INFO: Scheduled.
12/23/2022 07:25:21 PM nhl_goal_alert INFO: Scheduled.
12/23/2022 07:26:06 PM nhl_goal_alert INFO: Scheduled.
12/23/2022 07:26:51 PM nhl_goal_alert INFO: Scheduled.
12/23/2022 07:27:36 PM nhl_goal_alert INFO: Scheduled.
12/23/2022 07:28:22 PM nhl_goal_alert INFO: Scheduled.
12/23/2022 07:29:07 PM nhl_goal_alert INFO: Scheduled.
12/23/2022 07:29:52 PM nhl_goal_alert INFO: Scheduled.
12/23/2022 07:30:37 PM nhl_goal_alert INFO: Scheduled.
12/23/2022 07:31:22 PM nhl_goal_alert INFO: Scheduled.
12/23/2022 07:32:08 PM nhl_goal_alert INFO: Scheduled.
12/23/2022 07:32:53 PM nhl_goal_alert INFO: Scheduled.
12/23/2022 07:33:38 PM nhl_goal_alert INFO: Scheduled.
12/23/2022 07:34:23 PM nhl_goal_alert INFO: Scheduled.
12/23/2022 07:35:09 PM nhl_goal_alert INFO: Scheduled.
12/23/2022 07:35:54 PM nhl_goal_alert INFO: Scheduled.
12/23/2022 07:36:39 PM nhl_goal_alert INFO: Scheduled.
12/23/2022 07:37:24 PM nhl_goal_alert INFO: Scheduled.
12/23/2022 07:38:10 PM nhl_goal_alert INFO: Scheduled.
12/23/2022 07:38:55 PM nhl_goal_alert INFO: Scheduled.
12/23/2022 07:39:40 PM nhl_goal_alert INFO: Scheduled.
12/23/2022 07:40:25 PM nhl_goal_alert INFO: Scheduled.
12/23/2022 07:41:10 PM nhl_goal_alert INFO: Scheduled.
12/23/2022 07:41:56 PM nhl_goal_alert INFO: Scheduled.
12/23/2022 07:42:41 PM nhl_goal_alert INFO: Scheduled.
12/23/2022 07:43:26 PM nhl_goal_alert INFO: Scheduled.
12/23/2022 07:44:11 PM nhl_goal_alert INFO: Scheduled.
12/23/2022 07:44:57 PM nhl_goal_alert INFO: Scheduled.
12/23/2022 07:45:42 PM nhl_goal_alert INFO: Scheduled.
12/23/2022 07:46:27 PM nhl_goal_alert INFO: Scheduled.
12/23/2022 07:47:12 PM nhl_goal_alert INFO: Scheduled.
12/23/2022 07:47:58 PM nhl_goal_alert INFO: Scheduled.
12/23/2022 07:48:43 PM nhl_goal_alert INFO: Scheduled.
12/23/2022 07:49:28 PM nhl_goal_alert INFO: Scheduled.
12/23/2022 07:50:13 PM nhl_goal_alert INFO: Scheduled.
12/23/2022 07:50:59 PM nhl_goal_alert INFO: Scheduled.
12/23/2022 07:51:44 PM nhl_goal_alert INFO: Scheduled.
12/23/2022 07:52:29 PM nhl_goal_alert INFO: Scheduled.
12/23/2022 07:53:14 PM nhl_goal_alert INFO: Scheduled.
12/23/2022 07:53:59 PM nhl_goal_alert INFO: Scheduled.
12/23/2022 07:54:45 PM nhl_goal_alert INFO: Scheduled.
12/23/2022 07:55:30 PM nhl_goal_alert INFO: Scheduled.
12/23/2022 07:56:15 PM nhl_goal_alert INFO: Scheduled.
12/23/2022 07:57:01 PM nhl_goal_alert INFO: Scheduled.
12/23/2022 07:57:46 PM nhl_goal_alert INFO: Scheduled.
12/23/2022 07:58:31 PM nhl_goal_alert INFO: Scheduled.
12/23/2022 07:59:16 PM nhl_goal_alert INFO: Scheduled.
12/23/2022 08:00:01 PM nhl_goal_alert INFO: Scheduled.
12/23/2022 08:00:47 PM nhl_goal_alert INFO: Scheduled.
12/23/2022 08:01:32 PM nhl_goal_alert INFO: Scheduled.
12/23/2022 08:02:17 PM nhl_goal_alert INFO: Scheduled.
12/23/2022 08:03:02 PM nhl_goal_alert INFO: Scheduled.
12/23/2022 08:03:48 PM nhl_goal_alert INFO: Scheduled.
12/23/2022 08:04:33 PM nhl_goal_alert INFO: Scheduled.
12/23/2022 08:05:18 PM nhl_goal_alert INFO: Scheduled.
12/23/2022 08:06:03 PM nhl_goal_alert INFO: Scheduled.
12/23/2022 08:06:49 PM nhl_goal_alert INFO: Scheduled.
12/23/2022 08:07:34 PM nhl_goal_alert INFO: Scheduled.
12/23/2022 08:08:19 PM nhl_goal_alert INFO: Scheduled.
12/23/2022 08:09:04 PM nhl_goal_alert INFO: Scheduled.
12/23/2022 08:09:49 PM nhl_goal_alert INFO: Scheduled.
12/23/2022 08:10:35 PM nhl_goal_alert INFO: Scheduled.
12/23/2022 08:11:20 PM nhl_goal_alert INFO: Scheduled.
12/23/2022 08:12:05 PM nhl_goal_alert INFO: Scheduled.
12/23/2022 08:12:50 PM nhl_goal_alert INFO: Scheduled.
12/23/2022 08:13:36 PM nhl_goal_alert INFO: Scheduled.
12/23/2022 08:14:21 PM nhl_goal_alert INFO: Scheduled.
12/23/2022 08:15:06 PM nhl_goal_alert INFO: Scheduled.
12/23/2022 08:15:51 PM nhl_goal_alert INFO: Scheduled.
12/23/2022 08:16:37 PM nhl_goal_alert INFO: Scheduled.
12/23/2022 08:17:22 PM nhl_goal_alert INFO: Scheduled.
12/23/2022 08:18:07 PM nhl_goal_alert INFO: Scheduled.
12/23/2022 08:18:52 PM nhl_goal_alert INFO: Scheduled.
12/23/2022 08:19:38 PM nhl_goal_alert INFO: Scheduled.
12/23/2022 08:20:23 PM nhl_goal_alert INFO: Scheduled.
12/23/2022 08:21:08 PM nhl_goal_alert INFO: Scheduled.
12/23/2022 08:21:53 PM nhl_goal_alert INFO: Scheduled.
12/23/2022 08:22:38 PM nhl_goal_alert INFO: Scheduled.
12/23/2022 08:23:24 PM nhl_goal_alert INFO: Scheduled.
12/23/2022 08:24:09 PM nhl_goal_alert INFO: Scheduled.
12/23/2022 08:24:54 PM nhl_goal_alert INFO: Scheduled.
12/23/2022 08:25:40 PM nhl_goal_alert INFO: Scheduled.
12/23/2022 08:26:25 PM nhl_goal_alert INFO: Scheduled.
12/23/2022 08:27:10 PM nhl_goal_alert INFO: Scheduled.
12/23/2022 08:27:55 PM nhl_goal_alert INFO: Scheduled.
12/23/2022 08:28:40 PM nhl_goal_alert INFO: Scheduled.
12/23/2022 08:29:26 PM nhl_goal_alert INFO: Scheduled.
12/23/2022 08:30:11 PM nhl_goal_alert INFO: Pre-Game.
12/23/2022 08:30:26 PM nhl_goal_alert INFO: Pre-Game.
12/23/2022 08:30:41 PM nhl_goal_alert INFO: Pre-Game.
12/23/2022 08:30:56 PM nhl_goal_alert INFO: Pre-Game.
12/23/2022 08:31:12 PM nhl_goal_alert INFO: Pre-Game.
12/23/2022 08:31:27 PM nhl_goal_alert INFO: Pre-Game.
12/23/2022 08:31:42 PM nhl_goal_alert INFO: Pre-Game.
12/23/2022 08:31:57 PM nhl_goal_alert INFO: Pre-Game.
12/23/2022 08:32:13 PM nhl_goal_alert INFO: Pre-Game.
12/23/2022 08:32:28 PM nhl_goal_alert INFO: Pre-Game.
12/23/2022 08:32:43 PM nhl_goal_alert INFO: Pre-Game.
12/23/2022 08:32:58 PM nhl_goal_alert INFO: Pre-Game.
12/23/2022 08:33:13 PM nhl_goal_alert INFO: Pre-Game.
12/23/2022 08:33:29 PM nhl_goal_alert INFO: Pre-Game.
12/23/2022 08:33:44 PM nhl_goal_alert INFO: Pre-Game.
12/23/2022 08:33:59 PM nhl_goal_alert INFO: Pre-Game.
12/23/2022 08:34:14 PM nhl_goal_alert INFO: Pre-Game.
12/23/2022 08:34:29 PM nhl_goal_alert INFO: Pre-Game.
12/23/2022 08:34:45 PM nhl_goal_alert INFO: Pre-Game.
12/23/2022 08:35:00 PM nhl_goal_alert INFO: Pre-Game.
12/23/2022 08:35:15 PM nhl_goal_alert INFO: Pre-Game.
12/23/2022 08:35:30 PM nhl_goal_alert INFO: Pre-Game.
12/23/2022 08:35:45 PM nhl_goal_alert INFO: Pre-Game.
12/23/2022 08:36:01 PM nhl_goal_alert INFO: Pre-Game.
12/23/2022 08:36:16 PM nhl_goal_alert INFO: Pre-Game.
12/23/2022 08:36:31 PM nhl_goal_alert INFO: Pre-Game.
12/23/2022 08:36:46 PM nhl_goal_alert INFO: Pre-Game.
12/23/2022 08:37:02 PM nhl_goal_alert INFO: Pre-Game.
12/23/2022 08:37:17 PM nhl_goal_alert INFO: Pre-Game.
12/23/2022 08:37:32 PM nhl_goal_alert INFO: Pre-Game.
12/23/2022 08:37:47 PM nhl_goal_alert INFO: Pre-Game.
12/23/2022 08:38:02 PM nhl_goal_alert INFO: Pre-Game.
12/23/2022 08:38:18 PM nhl_goal_alert INFO: Pre-Game.
12/23/2022 08:38:33 PM nhl_goal_alert INFO: Pre-Game.
12/23/2022 08:38:48 PM nhl_goal_alert INFO: Pre-Game.
12/23/2022 08:39:03 PM nhl_goal_alert INFO: Pre-Game.
12/23/2022 08:39:19 PM nhl_goal_alert INFO: Pre-Game.
12/23/2022 08:39:34 PM nhl_goal_alert INFO: Pre-Game.
12/23/2022 08:39:49 PM nhl_goal_alert INFO: Pre-Game.
12/23/2022 08:40:04 PM nhl_goal_alert INFO: Pre-Game.
12/23/2022 08:40:19 PM nhl_goal_alert INFO: Pre-Game.
12/23/2022 08:40:35 PM nhl_goal_alert INFO: Pre-Game.
12/23/2022 08:40:50 PM nhl_goal_alert INFO: Pre-Game.
12/23/2022 08:41:05 PM nhl_goal_alert INFO: Pre-Game.
12/23/2022 08:41:20 PM nhl_goal_alert INFO: Pre-Game.
12/23/2022 08:41:35 PM nhl_goal_alert INFO: Pre-Game.
12/23/2022 08:41:50 PM nhl_goal_alert INFO: Pre-Game.
12/23/2022 08:42:06 PM nhl_goal_alert INFO: Pre-Game.
12/23/2022 08:42:21 PM nhl_goal_alert INFO: Pre-Game.
12/23/2022 08:42:36 PM nhl_goal_alert INFO: Pre-Game.
12/23/2022 08:42:51 PM nhl_goal_alert INFO: Pre-Game.
12/23/2022 08:43:06 PM nhl_goal_alert INFO: Pre-Game.
12/23/2022 08:43:22 PM nhl_goal_alert INFO: Pre-Game.
12/23/2022 08:43:37 PM nhl_goal_alert INFO: Pre-Game.
12/23/2022 08:43:52 PM nhl_goal_alert INFO: Pre-Game.
12/23/2022 08:44:07 PM nhl_goal_alert INFO: Pre-Game.
12/23/2022 08:44:22 PM nhl_goal_alert INFO: Pre-Game.
12/23/2022 08:44:37 PM nhl_goal_alert INFO: Pre-Game.
12/23/2022 08:44:53 PM nhl_goal_alert INFO: Pre-Game.
12/23/2022 08:45:08 PM nhl_goal_alert INFO: Pre-Game.
12/23/2022 08:45:23 PM nhl_goal_alert INFO: Pre-Game.
12/23/2022 08:45:38 PM nhl_goal_alert INFO: Pre-Game.
12/23/2022 08:45:53 PM nhl_goal_alert INFO: Pre-Game.
12/23/2022 08:46:08 PM nhl_goal_alert INFO: Pre-Game.
12/23/2022 08:46:24 PM nhl_goal_alert INFO: Pre-Game.
12/23/2022 08:46:39 PM nhl_goal_alert INFO: Pre-Game.
12/23/2022 08:46:54 PM nhl_goal_alert INFO: Pre-Game.
12/23/2022 08:47:09 PM nhl_goal_alert INFO: Pre-Game.
12/23/2022 08:47:24 PM nhl_goal_alert INFO: Pre-Game.
12/23/2022 08:47:39 PM nhl_goal_alert INFO: Pre-Game.
12/23/2022 08:47:55 PM nhl_goal_alert INFO: Pre-Game.
12/23/2022 08:48:10 PM nhl_goal_alert INFO: Pre-Game.
12/23/2022 08:48:25 PM nhl_goal_alert INFO: Pre-Game.
12/23/2022 08:48:40 PM nhl_goal_alert INFO: Pre-Game.
12/23/2022 08:48:55 PM nhl_goal_alert INFO: Pre-Game.
12/23/2022 08:49:11 PM nhl_goal_alert INFO: Pre-Game.
12/23/2022 08:49:26 PM nhl_goal_alert INFO: Pre-Game.
12/23/2022 08:49:41 PM nhl_goal_alert INFO: Pre-Game.
12/23/2022 08:49:56 PM nhl_goal_alert INFO: Pre-Game.
12/23/2022 08:50:11 PM nhl_goal_alert INFO: Pre-Game.
12/23/2022 08:50:26 PM nhl_goal_alert INFO: Pre-Game.
12/23/2022 08:50:42 PM nhl_goal_alert INFO: Pre-Game.
12/23/2022 08:50:57 PM nhl_goal_alert INFO: Pre-Game.
12/23/2022 08:51:12 PM nhl_goal_alert INFO: Pre-Game.
12/23/2022 08:51:27 PM nhl_goal_alert INFO: Pre-Game.
12/23/2022 08:51:42 PM nhl_goal_alert INFO: Pre-Game.
12/23/2022 08:51:57 PM nhl_goal_alert INFO: Pre-Game.
12/23/2022 08:52:13 PM nhl_goal_alert INFO: Pre-Game.
12/23/2022 08:52:28 PM nhl_goal_alert INFO: Pre-Game.
12/23/2022 08:52:43 PM nhl_goal_alert INFO: Pre-Game.
12/23/2022 08:52:58 PM nhl_goal_alert INFO: Pre-Game.
12/23/2022 08:53:13 PM nhl_goal_alert INFO: Pre-Game.
12/23/2022 08:53:29 PM nhl_goal_alert INFO: Pre-Game.
12/23/2022 08:53:44 PM nhl_goal_alert INFO: Pre-Game.
12/23/2022 08:53:59 PM nhl_goal_alert INFO: Pre-Game.
12/23/2022 08:54:14 PM nhl_goal_alert INFO: Pre-Game.
12/23/2022 08:54:29 PM nhl_goal_alert INFO: Pre-Game.
12/23/2022 08:54:44 PM nhl_goal_alert INFO: Pre-Game.
12/23/2022 08:55:00 PM nhl_goal_alert INFO: Pre-Game.
12/23/2022 08:55:15 PM nhl_goal_alert INFO: Pre-Game.
12/23/2022 08:55:30 PM nhl_goal_alert INFO: Pre-Game.
12/23/2022 08:55:45 PM nhl_goal_alert INFO: Pre-Game.
12/23/2022 08:56:00 PM nhl_goal_alert INFO: Pre-Game.
12/23/2022 08:56:15 PM nhl_goal_alert INFO: Pre-Game.
12/23/2022 08:56:31 PM nhl_goal_alert INFO: Pre-Game.
12/23/2022 08:56:46 PM nhl_goal_alert INFO: Pre-Game.
12/23/2022 08:57:01 PM nhl_goal_alert INFO: Pre-Game.
12/23/2022 08:57:16 PM nhl_goal_alert INFO: Pre-Game.
12/23/2022 08:57:31 PM nhl_goal_alert INFO: Pre-Game.
12/23/2022 08:57:47 PM nhl_goal_alert INFO: Pre-Game.
12/23/2022 08:58:02 PM nhl_goal_alert INFO: Pre-Game.
12/23/2022 08:58:17 PM nhl_goal_alert INFO: Pre-Game.
12/23/2022 08:58:32 PM nhl_goal_alert INFO: Pre-Game.
12/23/2022 08:58:48 PM nhl_goal_alert INFO: Pre-Game.
12/23/2022 08:59:03 PM nhl_goal_alert INFO: Pre-Game.
12/23/2022 08:59:18 PM nhl_goal_alert INFO: Pre-Game.
12/23/2022 08:59:33 PM nhl_goal_alert INFO: Pre-Game.
12/23/2022 08:59:48 PM nhl_goal_alert INFO: Pre-Game.
12/23/2022 09:00:03 PM nhl_goal_alert INFO: Pre-Game.
12/23/2022 09:00:19 PM nhl_goal_alert INFO: Pre-Game.
12/23/2022 09:00:34 PM nhl_goal_alert INFO: Pre-Game.
12/23/2022 09:00:49 PM nhl_goal_alert INFO: Pre-Game.
12/23/2022 09:01:05 PM nhl_goal_alert INFO: Pre-Game.
12/23/2022 09:01:20 PM nhl_goal_alert INFO: Pre-Game.
12/23/2022 09:01:36 PM nhl_goal_alert INFO: Pre-Game.
12/23/2022 09:01:51 PM nhl_goal_alert INFO: Pre-Game.
12/23/2022 09:02:06 PM nhl_goal_alert INFO: Pre-Game.
12/23/2022 09:02:21 PM nhl_goal_alert INFO: Pre-Game.
12/23/2022 09:02:36 PM nhl_goal_alert INFO: Pre-Game.
12/23/2022 09:02:52 PM nhl_goal_alert INFO: Pre-Game.
12/23/2022 09:03:07 PM nhl_goal_alert INFO: Pre-Game.
12/23/2022 09:03:22 PM nhl_goal_alert INFO: Pre-Game.
12/23/2022 09:03:37 PM nhl_goal_alert INFO: Pre-Game.
12/23/2022 09:03:52 PM nhl_goal_alert INFO: Pre-Game.
12/23/2022 09:04:07 PM nhl_goal_alert INFO: Pre-Game.
12/23/2022 09:04:23 PM nhl_goal_alert INFO: Pre-Game.
12/23/2022 09:04:38 PM nhl_goal_alert INFO: Pre-Game.
12/23/2022 09:04:53 PM nhl_goal_alert INFO: Pre-Game.
12/23/2022 09:05:08 PM nhl_goal_alert INFO: Pre-Game.
12/23/2022 09:05:23 PM nhl_goal_alert INFO: Pre-Game.
12/23/2022 09:05:38 PM nhl_goal_alert INFO: Pre-Game.
12/23/2022 09:05:54 PM nhl_goal_alert INFO: Pre-Game.
12/23/2022 09:06:09 PM nhl_goal_alert INFO: Pre-Game.
12/23/2022 09:06:24 PM nhl_goal_alert INFO: Pre-Game.
12/23/2022 09:06:39 PM nhl_goal_alert INFO: Pre-Game.
12/23/2022 09:06:54 PM nhl_goal_alert INFO: Pre-Game.
12/23/2022 09:07:10 PM nhl_goal_alert INFO: Pre-Game.
12/23/2022 09:07:25 PM nhl_goal_alert INFO: Pre-Game.
12/23/2022 09:07:40 PM nhl_goal_alert INFO: Pre-Game.
12/23/2022 10:01:33 PM nhl_goal_alert INFO: STARTING with Team ID: 19, Webhook ID: press_nhl_goal_button
12/23/2022 10:08:59 PM nhl_goal_alert INFO: STARTING with Team ID: 19, Webhook ID: press_nhl_goal_button
12/23/2022 10:10:02 PM nhl_goal_alert INFO: STARTING with Team ID: 19, Webhook ID: press_nhl_goal_button
12/23/2022 10:11:43 PM nhl_goal_alert INFO: STARTING with Team ID: 19, Webhook ID: press_nhl_goal_button
12/23/2022 10:11:48 PM nhl_goal_alert INFO: Goal number 3!
12/23/2022 10:51:17 PM nhl_goal_alert INFO: STARTING with Team ID: 19, Webhook ID: press_nhl_goal_button
12/23/2022 10:51:32 PM nhl_goal_alert ERROR: API call to NHL threw an exception.
12/23/2022 10:51:32 PM nhl_goal_alert INFO: Goal number 3!
12/23/2022 10:57:02 PM nhl_goal_alert INFO: STARTING with Team ID: 19, Webhook ID: press_nhl_goal_button
12/23/2022 10:57:18 PM nhl_goal_alert ERROR: API call to homeassistant threw an exception.
12/23/2022 10:57:18 PM nhl_goal_alert INFO: Goal number 3!
12/23/2022 11:02:31 PM nhl_goal_alert INFO: STARTING with Team ID: 19, Webhook ID: press_nhl_goal_button
12/23/2022 11:02:46 PM nhl_goal_alert ERROR: API call to homeassistant threw an exception.
12/23/2022 11:02:46 PM nhl_goal_alert INFO: Goal number 3!
12/23/2022 11:06:28 PM nhl_goal_alert ERROR: API call to homeassistant threw an exception.
12/23/2022 11:06:28 PM nhl_goal_alert INFO: Goal number 4!
12/23/2022 11:39:05 PM nhl_goal_alert INFO: Game Over.
12/23/2022 11:39:05 PM nhl_goal_alert INFO: DONE.
12/24/2022 04:52:48 PM nhl_goal_alert INFO: STARTING with Team ID: 19, Webhook ID: press_nhl_goal_button
12/24/2022 04:52:58 PM nhl_goal_alert ERROR: API call to homeassistant threw an exception.
12/24/2022 04:52:58 PM nhl_goal_alert INFO: Exiting.
12/24/2022 05:02:27 PM nhl_goal_alert INFO: STARTING with Team ID: 19, Webhook ID: press_nhl_goal_button
12/24/2022 05:11:35 PM nhl_goal_alert INFO: STARTING with Team ID: 19, Webhook ID: increment_goal_counter
12/24/2022 05:16:58 PM nhl_goal_alert INFO: STARTING with Team ID: 19, Webhook ID: increment_goal_counter
12/24/2022 05:18:14 PM nhl_goal_alert INFO: STARTING with Team ID: 19, Webhook ID: increment_goal_counter
12/24/2022 05:21:18 PM nhl_goal_alert INFO: STARTING with Team ID: 19, Webhook ID: increment_goal_counter
12/24/2022 05:29:22 PM nhl_goal_alert INFO: STARTING with Team ID: 19, Webhook ID: increment_goal_counter
12/24/2022 05:32:11 PM nhl_goal_alert INFO: STARTING with Team ID: 19, Webhook ID: increment_goal_counter
12/24/2022 05:35:47 PM nhl_goal_alert INFO: STARTING with Team ID: 19, Webhook ID: increment_goal_counter
12/24/2022 05:37:27 PM nhl_goal_alert INFO: STARTING with Team ID: 19, Webhook ID: increment_goal_counter
12/24/2022 05:37:51 PM nhl_goal_alert INFO: STARTING with Team ID: 19, Webhook ID: increment_goal_counter
12/24/2022 06:36:34 PM nhl_goal_alert INFO: STARTING with Team ID: 19, Webhook ID: increment_goal_counter
12/24/2022 06:48:21 PM nhl_goal_alert INFO: STARTING with Team ID: 19, Webhook ID: increment_goal_counter
12/24/2022 06:48:49 PM nhl_goal_alert INFO: STARTING with Team ID: 19, Webhook ID: increment_goal_counter
12/24/2022 06:48:49 PM nhl_goal_alert ERROR: Exiting.
12/24/2022 07:00:55 PM nhl_goal_alert INFO: STARTING with Team ID: 19, Webhook ID: increment_goal_counter
12/24/2022 07:01:05 PM nhl_goal_alert ERROR: API call to homeassistant threw an exception:
HTTPConnectionPool(host='homeassistant', port=8123): Max retries exceeded with url: /api/webhook/increment_goal_counter (Caused by NewConnectionError('<urllib3.connection.HTTPConnection object at 0x7f3dda4d1b10>: Failed to establish a new connection: [Errno -2] Name or service not known'))
12/24/2022 07:02:42 PM nhl_goal_alert INFO: STARTING with Team ID: 19, Webhook ID: increment_goal_counter
12/24/2022 07:02:52 PM nhl_goal_alert ERROR: API call to homeassistant threw an exception:
HTTPConnectionPool(host='homeassistant', port=8123): Max retries exceeded with url: /api/webhook/increment_goal_counter (Caused by NewConnectionError('<urllib3.connection.HTTPConnection object at 0x7ffab0bddba0>: Failed to establish a new connection: [Errno -2] Name or service not known'))
12/24/2022 07:04:22 PM nhl_goal_alert INFO: STARTING with Team ID: 19, Webhook ID: increment_goal_counter
12/24/2022 07:04:32 PM nhl_goal_alert ERROR: Error calling homeassistant API at http://homeassistant:8123/api/webhook/increment_goal_counter: HTTPConnectionPool(host='homeassistant', port=8123): Max retries exceeded with url: /api/webhook/increment_goal_counter (Caused by NewConnectionError('<urllib3.connection.HTTPConnection object at 0x7f39fd529bd0>: Failed to establish a new connection: [Errno -2] Name or service not known'))
12/24/2022 07:07:58 PM nhl_goal_alert INFO: STARTING with Team ID: 19, Webhook ID: increment_goal_counter
12/24/2022 07:08:09 PM nhl_goal_alert ERROR: Error connecting to homeassistant at http://homeassistant:8123/api/webhook/increment_goal_counter: [Errno -2] Name or service not known
12/24/2022 07:09:29 PM nhl_goal_alert INFO: STARTING with Team ID: 19, Webhook ID: increment_goal_counter
12/24/2022 07:09:29 PM nhl_goal_alert ERROR: Error connecting to homeassistant at http://homeassistant:8123/api/webhook/increment_goal_counter: name 'socket' is not defined
12/24/2022 07:09:47 PM nhl_goal_alert INFO: STARTING with Team ID: 19, Webhook ID: increment_goal_counter
12/24/2022 07:09:57 PM nhl_goal_alert ERROR: Error connecting to homeassistant at http://homeassistant:8123/api/webhook/increment_goal_counter: [Errno -2] Name or service not known
12/24/2022 07:12:08 PM nhl_goal_alert INFO: STARTING with Team ID: 19, Webhook ID: increment_goal_counter
12/24/2022 07:12:18 PM nhl_goal_alert ERROR: Error connecting to homeassistant at http://homeassistant:8123/api/webhook/increment_goal_counter: [Errno -2] Name or service not known
12/24/2022 07:19:21 PM nhl_goal_alert INFO: STARTING with team ID=19, HA host:port=homeassistant:8123, webhook ID=increment_goal_counter
12/24/2022 07:19:36 PM nhl_goal_alert ERROR: Can't connect to homeassistant at http://homeassistant:8123/api/webhook/increment_goal_counter: [Errno -2] Name or service not known
12/24/2022 07:20:18 PM nhl_goal_alert INFO: STARTING with team ID=19, HA host:port=homeassistant:8123, webhook ID=increment_goal_counter
12/24/2022 07:20:28 PM nhl_goal_alert ERROR: Can't connect to NHL API at https://statsapi.web.nhl.com/api/v1/: [Errno -2] Name or service not known
12/24/2022 07:29:44 PM nhl_goal_alert INFO: STARTING with team ID=19, HA host:port=homeassistant:8123, webhook ID=increment_goal_counter
12/24/2022 07:29:59 PM nhl_goal_alert ERROR: Can't connect to homeassistant at http://homeassistant:8123/api/webhook/increment_goal_counter: [Errno -2] Name or service not known
12/24/2022 07:30:17 PM nhl_goal_alert INFO: STARTING with team ID=19, HA host:port=192.168.1.42:8123, webhook ID=increment_goal_counter
12/24/2022 07:30:27 PM nhl_goal_alert ERROR: Game info is not yet available from the NHL API.  Exiting.
12/24/2022 08:01:34 PM nhl_goal_alert INFO: STARTING with team ID=19, HA host:port=192.168.1.42:8123, webhook ID=increment_goal_counter
12/24/2022 08:01:44 PM nhl_goal_alert ERROR: Game info is not yet available from the NHL API.  Exiting.
12/24/2022 08:20:51 PM nhl_goal_alert INFO: STARTING with team ID=19, HA host:port=192.168.1.42:8123, webhook ID=increment_goal_counter
12/24/2022 08:21:01 PM nhl_goal_alert ERROR: Game info is not yet available from the NHL API.  Exiting.
12/24/2022 08:23:34 PM nhl_goal_alert INFO: STARTING with team ID=19, HA host:port=192.168.1.42:8123, webhook ID=increment_goal_counter
12/24/2022 08:23:45 PM nhl_goal_alert INFO: Game info is not yet available from the NHL API.  Exiting.
12/24/2022 08:46:58 PM nhl_goal_alert INFO: STARTING with team ID=19, HA host:port=homeassistant:8123, webhook ID=press_nhl_goal_button
12/24/2022 08:47:13 PM nhl_goal_alert ERROR: Can't connect to homeassistant at http://homeassistant:8123/api/webhook/press_nhl_goal_button: [Errno -2] Name or service not known
12/24/2022 08:57:00 PM nhl_goal_alert INFO: STARTING with team ID=19, HA host:port=homeassistant:8123, webhook ID=press_nhl_goal_button
12/24/2022 08:57:15 PM nhl_goal_alert ERROR: Can't connect to homeassistant at http://homeassistant:8123/api/webhook/press_nhl_goal_button: [Errno -2] Name or service not known
12/24/2022 08:58:21 PM nhl_goal_alert INFO: STARTING with team ID=19, HA host:port=192.168.1.42:8123, webhook ID=press_nhl_goal_button
12/24/2022 08:58:31 PM nhl_goal_alert INFO: Game info is not yet available from the NHL API.  Exiting.
12/24/2022 09:07:39 PM nhl_goal_alert INFO: STARTING with team ID=19, HA host:port=192.168.1.42:8123, webhook ID=press_nhl_goal_button
12/24/2022 09:07:49 PM nhl_goal_alert INFO: Game info is not yet available from the NHL API.  Exiting.
